# JRE version: OpenJDK Runtime Environment (8.0_402-b06) (build 1.8.0_402-8u402-ga-2ubuntu1~20.04-b06)
# Java VM: OpenJDK 64-Bit Server VM (25.402-b06 mixed mode linux-amd64 compressed oops)
Heap:
 PSYoungGen      total 295936K, used 184118K [0x00000000eb800000, 0x0000000100000000, 0x0000000100000000)
  eden space 260608K, 61% used [0x00000000eb800000,0x00000000f54e4260,0x00000000fb680000)
  from space 35328K, 66% used [0x00000000fb680000,0x00000000fcd69860,0x00000000fd900000)
  to   space 36352K, 0% used [0x00000000fdc80000,0x00000000fdc80000,0x0000000100000000)
 ParOldGen       total 226816K, used 172018K [0x00000000c2800000, 0x00000000d0580000, 0x00000000eb800000)
  object space 226816K, 75% used [0x00000000c2800000,0x00000000ccffca78,0x00000000d0580000)
 Metaspace       used 153603K, capacity 158435K, committed 158512K, reserved 1191936K
  class space    used 13947K, capacity 15126K, committed 15152K, reserved 1048576K
GC Heap History (10 events):
Event: 86.505 GC heap before
{Heap before GC invocations=81 (full 6):
 PSYoungGen      total 293888K, used 257464K [0x00000000eb800000, 0x00000000ffe80000, 0x0000000100000000)
  eden space 252928K, 100% used [0x00000000eb800000,0x00000000faf00000,0x00000000faf00000)
  from space 40960K, 11% used [0x00000000fd680000,0x00000000fdaee3e0,0x00000000ffe80000)
  to   space 40448K, 0% used [0x00000000faf00000,0x00000000faf00000,0x00000000fd680000)
 ParOldGen       total 226816K, used 169777K [0x00000000c2800000, 0x00000000d0580000, 0x00000000eb800000)
  object space 226816K, 74% used [0x00000000c2800000,0x00000000ccdcc710,0x00000000d0580000)
 Metaspace       used 143601K, capacity 147861K, committed 148016K, reserved 1183744K
  class space    used 13526K, capacity 14613K, committed 14640K, reserved 1048576K
Event: 86.522 GC heap after
Heap after GC invocations=81 (full 6):
 PSYoungGen      total 293376K, used 6517K [0x00000000eb800000, 0x00000000ffc80000, 0x0000000100000000)
  eden space 252928K, 0% used [0x00000000eb800000,0x00000000eb800000,0x00000000faf00000)
  from space 40448K, 16% used [0x00000000faf00000,0x00000000fb55d780,0x00000000fd680000)
  to   space 38912K, 0% used [0x00000000fd680000,0x00000000fd680000,0x00000000ffc80000)
 ParOldGen       total 226816K, used 171994K [0x00000000c2800000, 0x00000000d0580000, 0x00000000eb800000)
  object space 226816K, 75% used [0x00000000c2800000,0x00000000ccff6a78,0x00000000d0580000)
 Metaspace       used 143601K, capacity 147861K, committed 148016K, reserved 1183744K
  class space    used 13526K, capacity 14613K, committed 14640K, reserved 1048576K
}
Event: 99.112 GC heap before
{Heap before GC invocations=82 (full 6):
 PSYoungGen      total 293376K, used 259445K [0x00000000eb800000, 0x00000000ffc80000, 0x0000000100000000)
  eden space 252928K, 100% used [0x00000000eb800000,0x00000000faf00000,0x00000000faf00000)
  from space 40448K, 16% used [0x00000000faf00000,0x00000000fb55d780,0x00000000fd680000)
  to   space 38912K, 0% used [0x00000000fd680000,0x00000000fd680000,0x00000000ffc80000)
 ParOldGen       total 226816K, used 171994K [0x00000000c2800000, 0x00000000d0580000, 0x00000000eb800000)
  object space 226816K, 75% used [0x00000000c2800000,0x00000000ccff6a78,0x00000000d0580000)
 Metaspace       used 146295K, capacity 150875K, committed 151088K, reserved 1185792K
  class space    used 13643K, capacity 14778K, committed 14896K, reserved 1048576K
Event: 99.125 GC heap after
Heap after GC invocations=82 (full 6):
 PSYoungGen      total 293888K, used 9329K [0x00000000eb800000, 0x00000000ffb80000, 0x0000000100000000)
  eden space 256000K, 0% used [0x00000000eb800000,0x00000000eb800000,0x00000000fb200000)
  from space 37888K, 24% used [0x00000000fd680000,0x00000000fdf9c7b0,0x00000000ffb80000)
  to   space 37376K, 0% used [0x00000000fb200000,0x00000000fb200000,0x00000000fd680000)
 ParOldGen       total 226816K, used 172002K [0x00000000c2800000, 0x00000000d0580000, 0x00000000eb800000)
  object space 226816K, 75% used [0x00000000c2800000,0x00000000ccff8a78,0x00000000d0580000)
 Metaspace       used 146295K, capacity 150875K, committed 151088K, reserved 1185792K
  class space    used 13643K, capacity 14778K, committed 14896K, reserved 1048576K
}
Event: 105.475 GC heap before
{Heap before GC invocations=83 (full 6):
 PSYoungGen      total 293888K, used 265329K [0x00000000eb800000, 0x00000000ffb80000, 0x0000000100000000)
  eden space 256000K, 100% used [0x00000000eb800000,0x00000000fb200000,0x00000000fb200000)
  from space 37888K, 24% used [0x00000000fd680000,0x00000000fdf9c7b0,0x00000000ffb80000)
  to   space 37376K, 0% used [0x00000000fb200000,0x00000000fb200000,0x00000000fd680000)
 ParOldGen       total 226816K, used 172002K [0x00000000c2800000, 0x00000000d0580000, 0x00000000eb800000)
  object space 226816K, 75% used [0x00000000c2800000,0x00000000ccff8a78,0x00000000d0580000)
 Metaspace       used 148410K, capacity 153097K, committed 153136K, reserved 1187840K
  class space    used 13729K, capacity 14871K, committed 14896K, reserved 1048576K
Event: 105.487 GC heap after
Heap after GC invocations=83 (full 6):
 PSYoungGen      total 293376K, used 13738K [0x00000000eb800000, 0x00000000ffb80000, 0x0000000100000000)
  eden space 256000K, 0% used [0x00000000eb800000,0x00000000eb800000,0x00000000fb200000)
  from space 37376K, 36% used [0x00000000fb200000,0x00000000fbf6ab50,0x00000000fd680000)
  to   space 35328K, 0% used [0x00000000fd900000,0x00000000fd900000,0x00000000ffb80000)
 ParOldGen       total 226816K, used 172010K [0x00000000c2800000, 0x00000000d0580000, 0x00000000eb800000)
  object space 226816K, 75% used [0x00000000c2800000,0x00000000ccffaa78,0x00000000d0580000)
 Metaspace       used 148410K, capacity 153097K, committed 153136K, reserved 1187840K
  class space    used 13729K, capacity 14871K, committed 14896K, reserved 1048576K
}
Event: 113.232 GC heap before
{Heap before GC invocations=84 (full 6):
 PSYoungGen      total 293376K, used 269738K [0x00000000eb800000, 0x00000000ffb80000, 0x0000000100000000)
  eden space 256000K, 100% used [0x00000000eb800000,0x00000000fb200000,0x00000000fb200000)
  from space 37376K, 36% used [0x00000000fb200000,0x00000000fbf6ab50,0x00000000fd680000)
  to   space 35328K, 0% used [0x00000000fd900000,0x00000000fd900000,0x00000000ffb80000)
 ParOldGen       total 226816K, used 172010K [0x00000000c2800000, 0x00000000d0580000, 0x00000000eb800000)
  object space 226816K, 75% used [0x00000000c2800000,0x00000000ccffaa78,0x00000000d0580000)
 Metaspace       used 150702K, capacity 155563K, committed 155696K, reserved 1189888K
  class space    used 13844K, capacity 15042K, committed 15152K, reserved 1048576K
Event: 113.259 GC heap after
Heap after GC invocations=84 (full 6):
 PSYoungGen      total 295936K, used 19390K [0x00000000eb800000, 0x00000000ffe00000, 0x0000000100000000)
  eden space 260608K, 0% used [0x00000000eb800000,0x00000000eb800000,0x00000000fb680000)
  from space 35328K, 54% used [0x00000000fd900000,0x00000000febef8a0,0x00000000ffb80000)
  to   space 35328K, 0% used [0x00000000fb680000,0x00000000fb680000,0x00000000fd900000)
 ParOldGen       total 226816K, used 172018K [0x00000000c2800000, 0x00000000d0580000, 0x00000000eb800000)
  object space 226816K, 75% used [0x00000000c2800000,0x00000000ccffca78,0x00000000d0580000)
 Metaspace       used 150702K, capacity 155563K, committed 155696K, reserved 1189888K
  class space    used 13844K, capacity 15042K, committed 15152K, reserved 1048576K
}
Event: 159.632 GC heap before
{Heap before GC invocations=85 (full 6):
 PSYoungGen      total 295936K, used 279998K [0x00000000eb800000, 0x00000000ffe00000, 0x0000000100000000)
  eden space 260608K, 100% used [0x00000000eb800000,0x00000000fb680000,0x00000000fb680000)
  from space 35328K, 54% used [0x00000000fd900000,0x00000000febef8a0,0x00000000ffb80000)
  to   space 35328K, 0% used [0x00000000fb680000,0x00000000fb680000,0x00000000fd900000)
 ParOldGen       total 226816K, used 172018K [0x00000000c2800000, 0x00000000d0580000, 0x00000000eb800000)
  object space 226816K, 75% used [0x00000000c2800000,0x00000000ccffca78,0x00000000d0580000)
 Metaspace       used 152546K, capacity 157371K, committed 157488K, reserved 1191936K
  class space    used 13907K, capacity 15082K, committed 15152K, reserved 1048576K
Event: 159.737 GC heap after
Heap after GC invocations=85 (full 6):
 PSYoungGen      total 295936K, used 23462K [0x00000000eb800000, 0x0000000100000000, 0x0000000100000000)
  eden space 260608K, 0% used [0x00000000eb800000,0x00000000eb800000,0x00000000fb680000)
  from space 35328K, 66% used [0x00000000fb680000,0x00000000fcd69860,0x00000000fd900000)
  to   space 36352K, 0% used [0x00000000fdc80000,0x00000000fdc80000,0x0000000100000000)
 ParOldGen       total 226816K, used 172018K [0x00000000c2800000, 0x00000000d0580000, 0x00000000eb800000)
  object space 226816K, 75% used [0x00000000c2800000,0x00000000ccffca78,0x00000000d0580000)
 Metaspace       used 152546K, capacity 157371K, committed 157488K, reserved 1191936K
  class space    used 13907K, capacity 15082K, committed 15152K, reserved 1048576K
}

